<?xml version="1.0" encoding="UTF-8"?>
<!-- Generated by org.testng.reporters.JUnitReportReporter -->
<testsuite skipped="0" hostname="LAPTOP-49HKD87B" name="qaclickacademy.MavenJava.AppiumTest" tests="2" failures="0" timestamp="25 Jul 2021 19:36:01 GMT" time="0.000" errors="0">
  <testcase name="nativeAppAndroid" time="0.000" classname="qaclickacademy.MavenJava.AppiumTest"/>
  <testcase name="IOSApps" time="0.000" classname="qaclickacademy.MavenJava.AppiumTest"/>
</testsuite> <!-- qaclickacademy.MavenJava.AppiumTest -->
