<?xml version="1.0" encoding="UTF-8"?>
<!-- Generated by org.testng.reporters.JUnitReportReporter -->
<testsuite skipped="0" hostname="LAPTOP-49HKD87B" name="qaclickacademy.MavenJava.RestApiTest" tests="2" failures="0" timestamp="25 Jul 2021 19:36:01 GMT" time="0.003" errors="0">
  <testcase name="deleteTwitter" time="0.003" classname="qaclickacademy.MavenJava.RestApiTest"/>
  <testcase name="postJira" time="0.000" classname="qaclickacademy.MavenJava.RestApiTest"/>
</testsuite> <!-- qaclickacademy.MavenJava.RestApiTest -->
